0 info it worked if it ends with ok
1 verbose cli [ 'C:\\Program Files\\nodejs\\\\node.exe',
1 verbose cli   'C:\\Program Files\\nodejs\\node_modules\\npm\\bin\\npm-cli.js',
1 verbose cli   'install',
1 verbose cli   'sammy.js',
1 verbose cli   '--save' ]
2 info using npm@1.4.28
3 info using node@v0.10.33
4 verbose node symlink C:\Program Files\nodejs\\node.exe
5 warn package.json Bookmarks@1.0.0 No repository field.
6 warn package.json Bookmarks@1.0.0 No README data
7 verbose readDependencies using package.json deps
8 verbose cache add [ 'sammy.js', null ]
9 verbose cache add name=undefined spec="sammy.js" args=["sammy.js",null]
10 verbose parsed url { protocol: null,
10 verbose parsed url   slashes: null,
10 verbose parsed url   auth: null,
10 verbose parsed url   host: null,
10 verbose parsed url   port: null,
10 verbose parsed url   hostname: null,
10 verbose parsed url   hash: null,
10 verbose parsed url   search: null,
10 verbose parsed url   query: null,
10 verbose parsed url   pathname: 'sammy.js',
10 verbose parsed url   path: 'sammy.js',
10 verbose parsed url   href: 'sammy.js' }
11 silly lockFile 9fa6f66a-sammy-js sammy.js
12 verbose lock sammy.js C:\Users\SoftUni\AppData\Roaming\npm-cache\9fa6f66a-sammy-js.lock
13 silly lockFile 9fa6f66a-sammy-js sammy.js
14 silly lockFile 9fa6f66a-sammy-js sammy.js
15 verbose addNamed [ 'sammy.js', '' ]
16 verbose addNamed [ null, '*' ]
17 silly lockFile 7d116e0f-sammy-js sammy.js@
18 verbose lock sammy.js@ C:\Users\SoftUni\AppData\Roaming\npm-cache\7d116e0f-sammy-js.lock
19 silly addNameRange { name: 'sammy.js', range: '*', hasData: false }
20 verbose request where is /sammy.js
21 verbose request registry https://registry.npmjs.org/
22 verbose request id c19b1b3e3381fcc0
23 verbose url raw /sammy.js
24 verbose url resolving [ 'https://registry.npmjs.org/', './sammy.js' ]
25 verbose url resolved https://registry.npmjs.org/sammy.js
26 verbose request where is https://registry.npmjs.org/sammy.js
27 info trying registry request attempt 1 at 11:15:54
28 http GET https://registry.npmjs.org/sammy.js
29 http 404 https://registry.npmjs.org/sammy.js
30 verbose headers { date: 'Thu, 04 Dec 2014 09:15:48 GMT',
30 verbose headers   server: 'CouchDB/1.5.0 (Erlang OTP/R16B03)',
30 verbose headers   'content-type': 'application/json',
30 verbose headers   'cache-control': 'max-age=0',
30 verbose headers   'content-length': '52',
30 verbose headers   'accept-ranges': 'bytes',
30 verbose headers   via: '1.1 varnish',
30 verbose headers   age: '0',
30 verbose headers   'x-served-by': 'cache-fra1228-FRA',
30 verbose headers   'x-cache': 'MISS',
30 verbose headers   'x-cache-hits': '0',
30 verbose headers   'x-timer': 'S1417684548.404606,VS0,VE425',
30 verbose headers   'keep-alive': 'timeout=10, max=50',
30 verbose headers   connection: 'Keep-Alive' }
31 silly registry.get cb [ 404,
31 silly registry.get   { date: 'Thu, 04 Dec 2014 09:15:48 GMT',
31 silly registry.get     server: 'CouchDB/1.5.0 (Erlang OTP/R16B03)',
31 silly registry.get     'content-type': 'application/json',
31 silly registry.get     'cache-control': 'max-age=0',
31 silly registry.get     'content-length': '52',
31 silly registry.get     'accept-ranges': 'bytes',
31 silly registry.get     via: '1.1 varnish',
31 silly registry.get     age: '0',
31 silly registry.get     'x-served-by': 'cache-fra1228-FRA',
31 silly registry.get     'x-cache': 'MISS',
31 silly registry.get     'x-cache-hits': '0',
31 silly registry.get     'x-timer': 'S1417684548.404606,VS0,VE425',
31 silly registry.get     'keep-alive': 'timeout=10, max=50',
31 silly registry.get     connection: 'Keep-Alive' } ]
32 silly lockFile 7d116e0f-sammy-js sammy.js@
33 silly lockFile 7d116e0f-sammy-js sammy.js@
34 error 404 404 Not Found: sammy.js
34 error 404
34 error 404 'sammy.js' is not in the npm registry.
34 error 404 You should bug the author to publish it
34 error 404 It was specified as a dependency of 'Bookmarks'
34 error 404
34 error 404 Maybe try 'npm search sammy'
34 error 404
34 error 404 Note that you can also install from a
34 error 404 tarball, folder, or http url, or git url.
35 error System Windows_NT 6.2.9200
36 error command "C:\\Program Files\\nodejs\\\\node.exe" "C:\\Program Files\\nodejs\\node_modules\\npm\\bin\\npm-cli.js" "install" "sammy.js" "--save"
37 error cwd C:\xampp\htdocs\Bookmarks
38 error node -v v0.10.33
39 error npm -v 1.4.28
40 error code E404
41 verbose exit [ 1, true ]
